{"C:\\Users\\miriam.vidoto\\Documents\\Teste\\tech-interview-frontend-entry-level-main (1)\\monorepo\\frontend\\src\\App.js": {"path":"C:\\Users\\miriam.vidoto\\Documents\\Teste\\tech-interview-frontend-entry-level-main (1)\\monorepo\\frontend\\src\\App.js","statementMap":{"0":{"start":{"line":7,"column":49},"end":{"line":7,"column":61}},"1":{"start":{"line":9,"column":2},"end":{"line":26,"column":4}}},"fnMap":{"0":{"name":"App","decl":{"start":{"line":6,"column":9},"end":{"line":6,"column":12}},"loc":{"start":{"line":6,"column":15},"end":{"line":27,"column":1}},"line":6}},"branchMap":{},"s":{"0":0,"1":0},"f":{"0":0},"b":{}}
,"C:\\Users\\miriam.vidoto\\Documents\\Teste\\tech-interview-frontend-entry-level-main (1)\\monorepo\\frontend\\src\\index.js": {"path":"C:\\Users\\miriam.vidoto\\Documents\\Teste\\tech-interview-frontend-entry-level-main (1)\\monorepo\\frontend\\src\\index.js","statementMap":{"0":{"start":{"line":8,"column":13},"end":{"line":8,"column":65}},"1":{"start":{"line":9,"column":0},"end":{"line":13,"column":2}},"2":{"start":{"line":15,"column":0},"end":{"line":15,"column":18}}},"fnMap":{},"branchMap":{},"s":{"0":0,"1":0,"2":0},"f":{},"b":{}}
,"C:\\Users\\miriam.vidoto\\Documents\\Teste\\tech-interview-frontend-entry-level-main (1)\\monorepo\\frontend\\src\\components\\Form\\Form.js": {"path":"C:\\Users\\miriam.vidoto\\Documents\\Teste\\tech-interview-frontend-entry-level-main (1)\\monorepo\\frontend\\src\\components\\Form\\Form.js","statementMap":{"0":{"start":{"line":10,"column":46},"end":{"line":10,"column":59}},"1":{"start":{"line":11,"column":37},"end":{"line":15,"column":4}},"2":{"start":{"line":17,"column":32},"end":{"line":17,"column":60}},"3":{"start":{"line":20,"column":23},"end":{"line":27,"column":3}},"4":{"start":{"line":21,"column":4},"end":{"line":21,"column":23}},"5":{"start":{"line":22,"column":32},"end":{"line":22,"column":60}},"6":{"start":{"line":24,"column":4},"end":{"line":24,"column":44}},"7":{"start":{"line":29,"column":2},"end":{"line":53,"column":4}},"8":{"start":{"line":37,"column":10},"end":{"line":37,"column":55}},"9":{"start":{"line":43,"column":10},"end":{"line":43,"column":52}},"10":{"start":{"line":48,"column":10},"end":{"line":48,"column":62}}},"fnMap":{"0":{"name":"Form","decl":{"start":{"line":9,"column":9},"end":{"line":9,"column":13}},"loc":{"start":{"line":9,"column":38},"end":{"line":54,"column":1}},"line":9},"1":{"name":"(anonymous_1)","decl":{"start":{"line":20,"column":23},"end":{"line":20,"column":24}},"loc":{"start":{"line":20,"column":30},"end":{"line":27,"column":3}},"line":20},"2":{"name":"(anonymous_2)","decl":{"start":{"line":36,"column":28},"end":{"line":36,"column":29}},"loc":{"start":{"line":37,"column":10},"end":{"line":37,"column":55}},"line":37},"3":{"name":"(anonymous_3)","decl":{"start":{"line":42,"column":25},"end":{"line":42,"column":26}},"loc":{"start":{"line":43,"column":10},"end":{"line":43,"column":52}},"line":43},"4":{"name":"(anonymous_4)","decl":{"start":{"line":47,"column":36},"end":{"line":47,"column":37}},"loc":{"start":{"line":48,"column":10},"end":{"line":48,"column":62}},"line":48}},"branchMap":{},"s":{"0":0,"1":0,"2":0,"3":0,"4":0,"5":0,"6":0,"7":0,"8":0,"9":0,"10":0},"f":{"0":0,"1":0,"2":0,"3":0,"4":0},"b":{}}
,"C:\\Users\\miriam.vidoto\\Documents\\Teste\\tech-interview-frontend-entry-level-main (1)\\monorepo\\frontend\\src\\components\\Form\\index.js": {"path":"C:\\Users\\miriam.vidoto\\Documents\\Teste\\tech-interview-frontend-entry-level-main (1)\\monorepo\\frontend\\src\\components\\Form\\index.js","statementMap":{},"fnMap":{},"branchMap":{},"s":{},"f":{},"b":{}}
,"C:\\Users\\miriam.vidoto\\Documents\\Teste\\tech-interview-frontend-entry-level-main (1)\\monorepo\\frontend\\src\\components\\Form\\Fields\\Features.js": {"path":"C:\\Users\\miriam.vidoto\\Documents\\Teste\\tech-interview-frontend-entry-level-main (1)\\monorepo\\frontend\\src\\components\\Form\\Fields\\Features.js","statementMap":{"0":{"start":{"line":5,"column":48},"end":{"line":5,"column":74}},"1":{"start":{"line":7,"column":30},"end":{"line":14,"column":3}},"2":{"start":{"line":8,"column":28},"end":{"line":10,"column":37}},"3":{"start":{"line":9,"column":41},"end":{"line":9,"column":57}},"4":{"start":{"line":12,"column":4},"end":{"line":12,"column":40}},"5":{"start":{"line":13,"column":4},"end":{"line":13,"column":37}},"6":{"start":{"line":16,"column":2},"end":{"line":34,"column":4}},"7":{"start":{"line":21,"column":10},"end":{"line":30,"column":15}},"8":{"start":{"line":25,"column":30},"end":{"line":25,"column":58}}},"fnMap":{"0":{"name":"Features","decl":{"start":{"line":4,"column":9},"end":{"line":4,"column":17}},"loc":{"start":{"line":4,"column":72},"end":{"line":35,"column":1}},"line":4},"1":{"name":"(anonymous_1)","decl":{"start":{"line":7,"column":30},"end":{"line":7,"column":31}},"loc":{"start":{"line":7,"column":43},"end":{"line":14,"column":3}},"line":7},"2":{"name":"(anonymous_2)","decl":{"start":{"line":9,"column":31},"end":{"line":9,"column":32}},"loc":{"start":{"line":9,"column":41},"end":{"line":9,"column":57}},"line":9},"3":{"name":"(anonymous_3)","decl":{"start":{"line":20,"column":22},"end":{"line":20,"column":23}},"loc":{"start":{"line":21,"column":10},"end":{"line":30,"column":15}},"line":21},"4":{"name":"(anonymous_4)","decl":{"start":{"line":25,"column":24},"end":{"line":25,"column":25}},"loc":{"start":{"line":25,"column":30},"end":{"line":25,"column":58}},"line":25}},"branchMap":{"0":{"loc":{"start":{"line":4,"column":30},"end":{"line":4,"column":51}},"type":"default-arg","locations":[{"start":{"line":4,"column":49},"end":{"line":4,"column":51}}],"line":4},"1":{"loc":{"start":{"line":8,"column":28},"end":{"line":10,"column":37}},"type":"cond-expr","locations":[{"start":{"line":9,"column":8},"end":{"line":9,"column":58}},{"start":{"line":10,"column":8},"end":{"line":10,"column":37}}],"line":8}},"s":{"0":0,"1":0,"2":0,"3":0,"4":0,"5":0,"6":0,"7":0,"8":0},"f":{"0":0,"1":0,"2":0,"3":0,"4":0},"b":{"0":[0],"1":[0,0]}}
,"C:\\Users\\miriam.vidoto\\Documents\\Teste\\tech-interview-frontend-entry-level-main (1)\\monorepo\\frontend\\src\\components\\Form\\Fields\\Preferences.js": {"path":"C:\\Users\\miriam.vidoto\\Documents\\Teste\\tech-interview-frontend-entry-level-main (1)\\monorepo\\frontend\\src\\components\\Form\\Fields\\Preferences.js","statementMap":{"0":{"start":{"line":11,"column":54},"end":{"line":11,"column":83}},"1":{"start":{"line":13,"column":33},"end":{"line":20,"column":3}},"2":{"start":{"line":14,"column":31},"end":{"line":16,"column":43}},"3":{"start":{"line":15,"column":44},"end":{"line":15,"column":63}},"4":{"start":{"line":18,"column":4},"end":{"line":18,"column":46}},"5":{"start":{"line":19,"column":4},"end":{"line":19,"column":43}},"6":{"start":{"line":22,"column":2},"end":{"line":40,"column":4}},"7":{"start":{"line":27,"column":10},"end":{"line":36,"column":15}},"8":{"start":{"line":31,"column":30},"end":{"line":31,"column":64}}},"fnMap":{"0":{"name":"Preferences","decl":{"start":{"line":6,"column":9},"end":{"line":6,"column":20}},"loc":{"start":{"line":10,"column":3},"end":{"line":41,"column":1}},"line":10},"1":{"name":"(anonymous_1)","decl":{"start":{"line":13,"column":33},"end":{"line":13,"column":34}},"loc":{"start":{"line":13,"column":49},"end":{"line":20,"column":3}},"line":13},"2":{"name":"(anonymous_2)","decl":{"start":{"line":15,"column":34},"end":{"line":15,"column":35}},"loc":{"start":{"line":15,"column":44},"end":{"line":15,"column":63}},"line":15},"3":{"name":"(anonymous_3)","decl":{"start":{"line":26,"column":25},"end":{"line":26,"column":26}},"loc":{"start":{"line":27,"column":10},"end":{"line":36,"column":15}},"line":27},"4":{"name":"(anonymous_4)","decl":{"start":{"line":31,"column":24},"end":{"line":31,"column":25}},"loc":{"start":{"line":31,"column":30},"end":{"line":31,"column":64}},"line":31}},"branchMap":{"0":{"loc":{"start":{"line":8,"column":2},"end":{"line":8,"column":26}},"type":"default-arg","locations":[{"start":{"line":8,"column":24},"end":{"line":8,"column":26}}],"line":8},"1":{"loc":{"start":{"line":14,"column":31},"end":{"line":16,"column":43}},"type":"cond-expr","locations":[{"start":{"line":15,"column":8},"end":{"line":15,"column":64}},{"start":{"line":16,"column":8},"end":{"line":16,"column":43}}],"line":14}},"s":{"0":0,"1":0,"2":0,"3":0,"4":0,"5":0,"6":0,"7":0,"8":0},"f":{"0":0,"1":0,"2":0,"3":0,"4":0},"b":{"0":[0],"1":[0,0]}}
,"C:\\Users\\miriam.vidoto\\Documents\\Teste\\tech-interview-frontend-entry-level-main (1)\\monorepo\\frontend\\src\\components\\Form\\Fields\\RecommendationType.js": {"path":"C:\\Users\\miriam.vidoto\\Documents\\Teste\\tech-interview-frontend-entry-level-main (1)\\monorepo\\frontend\\src\\components\\Form\\Fields\\RecommendationType.js","statementMap":{"0":{"start":{"line":5,"column":2},"end":{"line":27,"column":4}},"1":{"start":{"line":13,"column":26},"end":{"line":13,"column":69}},"2":{"start":{"line":21,"column":26},"end":{"line":21,"column":72}}},"fnMap":{"0":{"name":"RecommendationType","decl":{"start":{"line":4,"column":9},"end":{"line":4,"column":27}},"loc":{"start":{"line":4,"column":60},"end":{"line":28,"column":1}},"line":4},"1":{"name":"(anonymous_1)","decl":{"start":{"line":13,"column":20},"end":{"line":13,"column":21}},"loc":{"start":{"line":13,"column":26},"end":{"line":13,"column":69}},"line":13},"2":{"name":"(anonymous_2)","decl":{"start":{"line":21,"column":20},"end":{"line":21,"column":21}},"loc":{"start":{"line":21,"column":26},"end":{"line":21,"column":72}},"line":21}},"branchMap":{},"s":{"0":0,"1":0,"2":0},"f":{"0":0,"1":0,"2":0},"b":{}}
,"C:\\Users\\miriam.vidoto\\Documents\\Teste\\tech-interview-frontend-entry-level-main (1)\\monorepo\\frontend\\src\\components\\Form\\Fields\\index.js": {"path":"C:\\Users\\miriam.vidoto\\Documents\\Teste\\tech-interview-frontend-entry-level-main (1)\\monorepo\\frontend\\src\\components\\Form\\Fields\\index.js","statementMap":{},"fnMap":{},"branchMap":{},"s":{},"f":{},"b":{}}
,"C:\\Users\\miriam.vidoto\\Documents\\Teste\\tech-interview-frontend-entry-level-main (1)\\monorepo\\frontend\\src\\components\\Form\\SubmitButton\\SubmitButton.js": {"path":"C:\\Users\\miriam.vidoto\\Documents\\Teste\\tech-interview-frontend-entry-level-main (1)\\monorepo\\frontend\\src\\components\\Form\\SubmitButton\\SubmitButton.js","statementMap":{"0":{"start":{"line":4,"column":2},"end":{"line":4,"column":135}}},"fnMap":{"0":{"name":"SubmitButton","decl":{"start":{"line":3,"column":9},"end":{"line":3,"column":21}},"loc":{"start":{"line":3,"column":32},"end":{"line":5,"column":1}},"line":3}},"branchMap":{},"s":{"0":0},"f":{"0":0},"b":{}}
,"C:\\Users\\miriam.vidoto\\Documents\\Teste\\tech-interview-frontend-entry-level-main (1)\\monorepo\\frontend\\src\\components\\Form\\SubmitButton\\index.js": {"path":"C:\\Users\\miriam.vidoto\\Documents\\Teste\\tech-interview-frontend-entry-level-main (1)\\monorepo\\frontend\\src\\components\\Form\\SubmitButton\\index.js","statementMap":{},"fnMap":{},"branchMap":{},"s":{},"f":{},"b":{}}
,"C:\\Users\\miriam.vidoto\\Documents\\Teste\\tech-interview-frontend-entry-level-main (1)\\monorepo\\frontend\\src\\components\\Header\\Header.js": {"path":"C:\\Users\\miriam.vidoto\\Documents\\Teste\\tech-interview-frontend-entry-level-main (1)\\monorepo\\frontend\\src\\components\\Header\\Header.js","statementMap":{"0":{"start":{"line":2,"column":2},"end":{"line":6,"column":4}}},"fnMap":{"0":{"name":"Header","decl":{"start":{"line":1,"column":9},"end":{"line":1,"column":15}},"loc":{"start":{"line":1,"column":18},"end":{"line":7,"column":1}},"line":1}},"branchMap":{},"s":{"0":0},"f":{"0":0},"b":{}}
,"C:\\Users\\miriam.vidoto\\Documents\\Teste\\tech-interview-frontend-entry-level-main (1)\\monorepo\\frontend\\src\\components\\RecommendationList\\RecommendationList.js": {"path":"C:\\Users\\miriam.vidoto\\Documents\\Teste\\tech-interview-frontend-entry-level-main (1)\\monorepo\\frontend\\src\\components\\RecommendationList\\RecommendationList.js","statementMap":{"0":{"start":{"line":4,"column":2},"end":{"line":24,"column":4}},"1":{"start":{"line":12,"column":10},"end":{"line":20,"column":15}}},"fnMap":{"0":{"name":"RecommendationList","decl":{"start":{"line":3,"column":9},"end":{"line":3,"column":27}},"loc":{"start":{"line":3,"column":49},"end":{"line":25,"column":1}},"line":3},"1":{"name":"(anonymous_1)","decl":{"start":{"line":11,"column":29},"end":{"line":11,"column":30}},"loc":{"start":{"line":12,"column":10},"end":{"line":20,"column":15}},"line":12}},"branchMap":{"0":{"loc":{"start":{"line":8,"column":7},"end":{"line":8,"column":78}},"type":"binary-expr","locations":[{"start":{"line":8,"column":7},"end":{"line":8,"column":35}},{"start":{"line":8,"column":39},"end":{"line":8,"column":78}}],"line":8},"1":{"loc":{"start":{"line":17,"column":13},"end":{"line":19,"column":13}},"type":"binary-expr","locations":[{"start":{"line":17,"column":13},"end":{"line":17,"column":39}},{"start":{"line":18,"column":14},"end":{"line":18,"column":88}}],"line":17}},"s":{"0":0,"1":0},"f":{"0":0,"1":0},"b":{"0":[0,0],"1":[0,0]}}
,"C:\\Users\\miriam.vidoto\\Documents\\Teste\\tech-interview-frontend-entry-level-main (1)\\monorepo\\frontend\\src\\components\\shared\\Checkbox.js": {"path":"C:\\Users\\miriam.vidoto\\Documents\\Teste\\tech-interview-frontend-entry-level-main (1)\\monorepo\\frontend\\src\\components\\shared\\Checkbox.js","statementMap":{"0":{"start":{"line":4,"column":2},"end":{"line":9,"column":4}}},"fnMap":{"0":{"name":"Checkbox","decl":{"start":{"line":3,"column":9},"end":{"line":3,"column":17}},"loc":{"start":{"line":3,"column":42},"end":{"line":10,"column":1}},"line":3}},"branchMap":{},"s":{"0":0},"f":{"0":0},"b":{}}
,"C:\\Users\\miriam.vidoto\\Documents\\Teste\\tech-interview-frontend-entry-level-main (1)\\monorepo\\frontend\\src\\hooks\\useForm.js": {"path":"C:\\Users\\miriam.vidoto\\Documents\\Teste\\tech-interview-frontend-entry-level-main (1)\\monorepo\\frontend\\src\\hooks\\useForm.js","statementMap":{"0":{"start":{"line":4,"column":16},"end":{"line":12,"column":1}},"1":{"start":{"line":5,"column":34},"end":{"line":5,"column":56}},"2":{"start":{"line":7,"column":23},"end":{"line":9,"column":3}},"3":{"start":{"line":8,"column":4},"end":{"line":8,"column":49}},"4":{"start":{"line":11,"column":2},"end":{"line":11,"column":36}}},"fnMap":{"0":{"name":"(anonymous_0)","decl":{"start":{"line":4,"column":16},"end":{"line":4,"column":17}},"loc":{"start":{"line":4,"column":34},"end":{"line":12,"column":1}},"line":4},"1":{"name":"(anonymous_1)","decl":{"start":{"line":7,"column":23},"end":{"line":7,"column":24}},"loc":{"start":{"line":7,"column":41},"end":{"line":9,"column":3}},"line":7}},"branchMap":{},"s":{"0":0,"1":0,"2":0,"3":0,"4":0},"f":{"0":0,"1":0},"b":{}}
,"C:\\Users\\miriam.vidoto\\Documents\\Teste\\tech-interview-frontend-entry-level-main (1)\\monorepo\\frontend\\src\\hooks\\useProducts.js": {"path":"C:\\Users\\miriam.vidoto\\Documents\\Teste\\tech-interview-frontend-entry-level-main (1)\\monorepo\\frontend\\src\\hooks\\useProducts.js","statementMap":{"0":{"start":{"line":4,"column":20},"end":{"line":41,"column":1}},"1":{"start":{"line":5,"column":40},"end":{"line":5,"column":52}},"2":{"start":{"line":6,"column":34},"end":{"line":6,"column":46}},"3":{"start":{"line":7,"column":34},"end":{"line":7,"column":46}},"4":{"start":{"line":9,"column":2},"end":{"line":38,"column":9}},"5":{"start":{"line":10,"column":22},"end":{"line":35,"column":5}},"6":{"start":{"line":11,"column":6},"end":{"line":34,"column":7}},"7":{"start":{"line":12,"column":25},"end":{"line":12,"column":44}},"8":{"start":{"line":13,"column":31},"end":{"line":13,"column":33}},"9":{"start":{"line":14,"column":28},"end":{"line":14,"column":30}},"10":{"start":{"line":16,"column":8},"end":{"line":16,"column":30}},"11":{"start":{"line":18,"column":8},"end":{"line":28,"column":11}},"12":{"start":{"line":19,"column":37},"end":{"line":21,"column":24}},"13":{"start":{"line":20,"column":24},"end":{"line":20,"column":43}},"14":{"start":{"line":22,"column":10},"end":{"line":22,"column":53}},"15":{"start":{"line":24,"column":34},"end":{"line":26,"column":24}},"16":{"start":{"line":25,"column":24},"end":{"line":25,"column":43}},"17":{"start":{"line":27,"column":10},"end":{"line":27,"column":47}},"18":{"start":{"line":30,"column":8},"end":{"line":30,"column":39}},"19":{"start":{"line":31,"column":8},"end":{"line":31,"column":33}},"20":{"start":{"line":33,"column":8},"end":{"line":33,"column":59}},"21":{"start":{"line":37,"column":4},"end":{"line":37,"column":16}},"22":{"start":{"line":40,"column":2},"end":{"line":40,"column":45}}},"fnMap":{"0":{"name":"(anonymous_0)","decl":{"start":{"line":4,"column":20},"end":{"line":4,"column":21}},"loc":{"start":{"line":4,"column":26},"end":{"line":41,"column":1}},"line":4},"1":{"name":"(anonymous_1)","decl":{"start":{"line":9,"column":12},"end":{"line":9,"column":13}},"loc":{"start":{"line":9,"column":18},"end":{"line":38,"column":3}},"line":9},"2":{"name":"(anonymous_2)","decl":{"start":{"line":10,"column":22},"end":{"line":10,"column":23}},"loc":{"start":{"line":10,"column":34},"end":{"line":35,"column":5}},"line":10},"3":{"name":"(anonymous_3)","decl":{"start":{"line":18,"column":25},"end":{"line":18,"column":26}},"loc":{"start":{"line":18,"column":38},"end":{"line":28,"column":9}},"line":18},"4":{"name":"(anonymous_4)","decl":{"start":{"line":20,"column":18},"end":{"line":20,"column":19}},"loc":{"start":{"line":20,"column":24},"end":{"line":20,"column":43}},"line":20},"5":{"name":"(anonymous_5)","decl":{"start":{"line":25,"column":18},"end":{"line":25,"column":19}},"loc":{"start":{"line":25,"column":24},"end":{"line":25,"column":43}},"line":25}},"branchMap":{},"s":{"0":0,"1":0,"2":0,"3":0,"4":0,"5":0,"6":0,"7":0,"8":0,"9":0,"10":0,"11":0,"12":0,"13":0,"14":0,"15":0,"16":0,"17":0,"18":0,"19":0,"20":0,"21":0,"22":0},"f":{"0":0,"1":0,"2":0,"3":0,"4":0,"5":0},"b":{}}
,"C:\\Users\\miriam.vidoto\\Documents\\Teste\\tech-interview-frontend-entry-level-main (1)\\monorepo\\frontend\\src\\hooks\\useRecommendations.js": {"path":"C:\\Users\\miriam.vidoto\\Documents\\Teste\\tech-interview-frontend-entry-level-main (1)\\monorepo\\frontend\\src\\hooks\\useRecommendations.js","statementMap":{"0":{"start":{"line":7,"column":48},"end":{"line":7,"column":60}},"1":{"start":{"line":9,"column":29},"end":{"line":11,"column":3}},"2":{"start":{"line":10,"column":4},"end":{"line":10,"column":72}},"3":{"start":{"line":13,"column":2},"end":{"line":13,"column":69}}},"fnMap":{"0":{"name":"useRecommendations","decl":{"start":{"line":6,"column":9},"end":{"line":6,"column":27}},"loc":{"start":{"line":6,"column":38},"end":{"line":14,"column":1}},"line":6},"1":{"name":"(anonymous_1)","decl":{"start":{"line":9,"column":29},"end":{"line":9,"column":30}},"loc":{"start":{"line":9,"column":43},"end":{"line":11,"column":3}},"line":9}},"branchMap":{},"s":{"0":0,"1":0,"2":0,"3":0},"f":{"0":0,"1":0},"b":{}}
,"C:\\Users\\miriam.vidoto\\Documents\\Teste\\tech-interview-frontend-entry-level-main (1)\\monorepo\\frontend\\src\\mocks\\mockProducts.js": {"path":"C:\\Users\\miriam.vidoto\\Documents\\Teste\\tech-interview-frontend-entry-level-main (1)\\monorepo\\frontend\\src\\mocks\\mockProducts.js","statementMap":{"0":{"start":{"line":1,"column":21},"end":{"line":62,"column":1}}},"fnMap":{},"branchMap":{},"s":{"0":1},"f":{},"b":{},"_coverageSchema":"1a1c01bbd47fc00a2c39e90264f33305004495a9","hash":"928a65173fe57f984df1eb59b1bdf88015ece7f6"}
,"C:\\Users\\miriam.vidoto\\Documents\\Teste\\tech-interview-frontend-entry-level-main (1)\\monorepo\\frontend\\src\\services\\product.service.js": {"path":"C:\\Users\\miriam.vidoto\\Documents\\Teste\\tech-interview-frontend-entry-level-main (1)\\monorepo\\frontend\\src\\services\\product.service.js","statementMap":{"0":{"start":{"line":3,"column":16},"end":{"line":3,"column":39}},"1":{"start":{"line":5,"column":20},"end":{"line":13,"column":1}},"2":{"start":{"line":6,"column":2},"end":{"line":12,"column":3}},"3":{"start":{"line":7,"column":21},"end":{"line":7,"column":59}},"4":{"start":{"line":8,"column":4},"end":{"line":8,"column":25}},"5":{"start":{"line":10,"column":4},"end":{"line":10,"column":55}},"6":{"start":{"line":11,"column":4},"end":{"line":11,"column":16}}},"fnMap":{"0":{"name":"(anonymous_0)","decl":{"start":{"line":5,"column":20},"end":{"line":5,"column":21}},"loc":{"start":{"line":5,"column":32},"end":{"line":13,"column":1}},"line":5}},"branchMap":{},"s":{"0":0,"1":0,"2":0,"3":0,"4":0,"5":0,"6":0},"f":{"0":0},"b":{}}
,"C:\\Users\\miriam.vidoto\\Documents\\Teste\\tech-interview-frontend-entry-level-main (1)\\monorepo\\frontend\\src\\services\\recommendation.service.js": {"path":"C:\\Users\\miriam.vidoto\\Documents\\Teste\\tech-interview-frontend-entry-level-main (1)\\monorepo\\frontend\\src\\services\\recommendation.service.js","statementMap":{"0":{"start":{"line":3,"column":27},"end":{"line":36,"column":1}},"1":{"start":{"line":7,"column":90},"end":{"line":7,"column":98}},"2":{"start":{"line":9,"column":33},"end":{"line":25,"column":75}},"3":{"start":{"line":10,"column":16},"end":{"line":10,"column":17}},"4":{"start":{"line":12,"column":4},"end":{"line":16,"column":7}},"5":{"start":{"line":13,"column":6},"end":{"line":15,"column":7}},"6":{"start":{"line":14,"column":8},"end":{"line":14,"column":19}},"7":{"start":{"line":18,"column":4},"end":{"line":22,"column":7}},"8":{"start":{"line":19,"column":6},"end":{"line":21,"column":7}},"9":{"start":{"line":20,"column":8},"end":{"line":20,"column":19}},"10":{"start":{"line":24,"column":4},"end":{"line":24,"column":33}},"11":{"start":{"line":25,"column":23},"end":{"line":25,"column":40}},"12":{"start":{"line":25,"column":57},"end":{"line":25,"column":74}},"13":{"start":{"line":27,"column":2},"end":{"line":27,"column":66}},"14":{"start":{"line":31,"column":2},"end":{"line":33,"column":3}},"15":{"start":{"line":32,"column":4},"end":{"line":32,"column":113}},"16":{"start":{"line":35,"column":2},"end":{"line":35,"column":38}}},"fnMap":{"0":{"name":"(anonymous_0)","decl":{"start":{"line":3,"column":27},"end":{"line":3,"column":28}},"loc":{"start":{"line":6,"column":5},"end":{"line":36,"column":1}},"line":6},"1":{"name":"(anonymous_1)","decl":{"start":{"line":9,"column":46},"end":{"line":9,"column":47}},"loc":{"start":{"line":9,"column":59},"end":{"line":25,"column":3}},"line":9},"2":{"name":"(anonymous_2)","decl":{"start":{"line":12,"column":32},"end":{"line":12,"column":33}},"loc":{"start":{"line":12,"column":48},"end":{"line":16,"column":5}},"line":12},"3":{"name":"(anonymous_3)","decl":{"start":{"line":18,"column":29},"end":{"line":18,"column":30}},"loc":{"start":{"line":18,"column":42},"end":{"line":22,"column":5}},"line":18},"4":{"name":"(anonymous_4)","decl":{"start":{"line":25,"column":12},"end":{"line":25,"column":13}},"loc":{"start":{"line":25,"column":23},"end":{"line":25,"column":40}},"line":25},"5":{"name":"(anonymous_5)","decl":{"start":{"line":25,"column":47},"end":{"line":25,"column":48}},"loc":{"start":{"line":25,"column":57},"end":{"line":25,"column":74}},"line":25}},"branchMap":{"0":{"loc":{"start":{"line":4,"column":2},"end":{"line":4,"column":62}},"type":"default-arg","locations":[{"start":{"line":4,"column":13},"end":{"line":4,"column":62}}],"line":4},"1":{"loc":{"start":{"line":7,"column":10},"end":{"line":7,"column":34}},"type":"default-arg","locations":[{"start":{"line":7,"column":32},"end":{"line":7,"column":34}}],"line":7},"2":{"loc":{"start":{"line":7,"column":36},"end":{"line":7,"column":57}},"type":"default-arg","locations":[{"start":{"line":7,"column":55},"end":{"line":7,"column":57}}],"line":7},"3":{"loc":{"start":{"line":13,"column":6},"end":{"line":15,"column":7}},"type":"if","locations":[{"start":{"line":13,"column":6},"end":{"line":15,"column":7}},{"start":{},"end":{}}],"line":13},"4":{"loc":{"start":{"line":19,"column":6},"end":{"line":21,"column":7}},"type":"if","locations":[{"start":{"line":19,"column":6},"end":{"line":21,"column":7}},{"start":{},"end":{}}],"line":19},"5":{"loc":{"start":{"line":31,"column":2},"end":{"line":33,"column":3}},"type":"if","locations":[{"start":{"line":31,"column":2},"end":{"line":33,"column":3}},{"start":{},"end":{}}],"line":31},"6":{"loc":{"start":{"line":32,"column":11},"end":{"line":32,"column":112}},"type":"cond-expr","locations":[{"start":{"line":32,"column":48},"end":{"line":32,"column":107}},{"start":{"line":32,"column":110},"end":{"line":32,"column":112}}],"line":32},"7":{"loc":{"start":{"line":35,"column":9},"end":{"line":35,"column":37}},"type":"binary-expr","locations":[{"start":{"line":35,"column":9},"end":{"line":35,"column":31}},{"start":{"line":35,"column":35},"end":{"line":35,"column":37}}],"line":35}},"s":{"0":1,"1":4,"2":4,"3":16,"4":16,"5":32,"6":8,"7":16,"8":20,"9":5,"10":16,"11":16,"12":3,"13":4,"14":4,"15":3,"16":1},"f":{"0":4,"1":16,"2":32,"3":20,"4":16,"5":3},"b":{"0":[0],"1":[0],"2":[1],"3":[8,24],"4":[5,15],"5":[3,1],"6":[3,0],"7":[1,0]},"_coverageSchema":"1a1c01bbd47fc00a2c39e90264f33305004495a9","hash":"7c45c94fdf2a4d52aa2f5b832b63e73979147a77"}
}
