TN:
SF:src\App.js
FN:6,App
FNF:1
FNH:0
FNDA:0,App
DA:7,0
DA:9,0
LF:2
LH:0
BRF:0
BRH:0
end_of_record
TN:
SF:src\index.js
FNF:0
FNH:0
DA:8,0
DA:9,0
DA:15,0
LF:3
LH:0
BRF:0
BRH:0
end_of_record
TN:
SF:src\components\Form\Form.js
FN:9,Form
FN:20,(anonymous_1)
FN:36,(anonymous_2)
FN:42,(anonymous_3)
FN:47,(anonymous_4)
FNF:5
FNH:0
FNDA:0,Form
FNDA:0,(anonymous_1)
FNDA:0,(anonymous_2)
FNDA:0,(anonymous_3)
FNDA:0,(anonymous_4)
DA:10,0
DA:11,0
DA:17,0
DA:20,0
DA:21,0
DA:22,0
DA:24,0
DA:29,0
DA:37,0
DA:43,0
DA:48,0
LF:11
LH:0
BRF:0
BRH:0
end_of_record
TN:
SF:src\components\Form\index.js
FNF:0
FNH:0
LF:0
LH:0
BRF:0
BRH:0
end_of_record
TN:
SF:src\components\Form\Fields\Features.js
FN:4,Features
FN:7,(anonymous_1)
FN:9,(anonymous_2)
FN:20,(anonymous_3)
FN:25,(anonymous_4)
FNF:5
FNH:0
FNDA:0,Features
FNDA:0,(anonymous_1)
FNDA:0,(anonymous_2)
FNDA:0,(anonymous_3)
FNDA:0,(anonymous_4)
DA:5,0
DA:7,0
DA:8,0
DA:9,0
DA:12,0
DA:13,0
DA:16,0
DA:21,0
DA:25,0
LF:9
LH:0
BRDA:4,0,0,0
BRDA:8,1,0,0
BRDA:8,1,1,0
BRF:3
BRH:0
end_of_record
TN:
SF:src\components\Form\Fields\Preferences.js
FN:6,Preferences
FN:13,(anonymous_1)
FN:15,(anonymous_2)
FN:26,(anonymous_3)
FN:31,(anonymous_4)
FNF:5
FNH:0
FNDA:0,Preferences
FNDA:0,(anonymous_1)
FNDA:0,(anonymous_2)
FNDA:0,(anonymous_3)
FNDA:0,(anonymous_4)
DA:11,0
DA:13,0
DA:14,0
DA:15,0
DA:18,0
DA:19,0
DA:22,0
DA:27,0
DA:31,0
LF:9
LH:0
BRDA:8,0,0,0
BRDA:14,1,0,0
BRDA:14,1,1,0
BRF:3
BRH:0
end_of_record
TN:
SF:src\components\Form\Fields\RecommendationType.js
FN:4,RecommendationType
FN:13,(anonymous_1)
FN:21,(anonymous_2)
FNF:3
FNH:0
FNDA:0,RecommendationType
FNDA:0,(anonymous_1)
FNDA:0,(anonymous_2)
DA:5,0
DA:13,0
DA:21,0
LF:3
LH:0
BRF:0
BRH:0
end_of_record
TN:
SF:src\components\Form\Fields\index.js
FNF:0
FNH:0
LF:0
LH:0
BRF:0
BRH:0
end_of_record
TN:
SF:src\components\Form\SubmitButton\SubmitButton.js
FN:3,SubmitButton
FNF:1
FNH:0
FNDA:0,SubmitButton
DA:4,0
LF:1
LH:0
BRF:0
BRH:0
end_of_record
TN:
SF:src\components\Form\SubmitButton\index.js
FNF:0
FNH:0
LF:0
LH:0
BRF:0
BRH:0
end_of_record
TN:
SF:src\components\Header\Header.js
FN:1,Header
FNF:1
FNH:0
FNDA:0,Header
DA:2,0
LF:1
LH:0
BRF:0
BRH:0
end_of_record
TN:
SF:src\components\RecommendationList\RecommendationList.js
FN:3,RecommendationList
FN:11,(anonymous_1)
FNF:2
FNH:0
FNDA:0,RecommendationList
FNDA:0,(anonymous_1)
DA:4,0
DA:12,0
LF:2
LH:0
BRDA:8,0,0,0
BRDA:8,0,1,0
BRDA:17,1,0,0
BRDA:17,1,1,0
BRF:4
BRH:0
end_of_record
TN:
SF:src\components\shared\Checkbox.js
FN:3,Checkbox
FNF:1
FNH:0
FNDA:0,Checkbox
DA:4,0
LF:1
LH:0
BRF:0
BRH:0
end_of_record
TN:
SF:src\hooks\useForm.js
FN:4,(anonymous_0)
FN:7,(anonymous_1)
FNF:2
FNH:0
FNDA:0,(anonymous_0)
FNDA:0,(anonymous_1)
DA:4,0
DA:5,0
DA:7,0
DA:8,0
DA:11,0
LF:5
LH:0
BRF:0
BRH:0
end_of_record
TN:
SF:src\hooks\useProducts.js
FN:4,(anonymous_0)
FN:9,(anonymous_1)
FN:10,(anonymous_2)
FN:18,(anonymous_3)
FN:20,(anonymous_4)
FN:25,(anonymous_5)
FNF:6
FNH:0
FNDA:0,(anonymous_0)
FNDA:0,(anonymous_1)
FNDA:0,(anonymous_2)
FNDA:0,(anonymous_3)
FNDA:0,(anonymous_4)
FNDA:0,(anonymous_5)
DA:4,0
DA:5,0
DA:6,0
DA:7,0
DA:9,0
DA:10,0
DA:11,0
DA:12,0
DA:13,0
DA:14,0
DA:16,0
DA:18,0
DA:19,0
DA:20,0
DA:22,0
DA:24,0
DA:25,0
DA:27,0
DA:30,0
DA:31,0
DA:33,0
DA:37,0
DA:40,0
LF:23
LH:0
BRF:0
BRH:0
end_of_record
TN:
SF:src\hooks\useRecommendations.js
FN:6,useRecommendations
FN:9,(anonymous_1)
FNF:2
FNH:0
FNDA:0,useRecommendations
FNDA:0,(anonymous_1)
DA:7,0
DA:9,0
DA:10,0
DA:13,0
LF:4
LH:0
BRF:0
BRH:0
end_of_record
TN:
SF:src\mocks\mockProducts.js
FNF:0
FNH:0
DA:1,1
LF:1
LH:1
BRF:0
BRH:0
end_of_record
TN:
SF:src\services\product.service.js
FN:5,(anonymous_0)
FNF:1
FNH:0
FNDA:0,(anonymous_0)
DA:3,0
DA:5,0
DA:6,0
DA:7,0
DA:8,0
DA:10,0
DA:11,0
LF:7
LH:0
BRF:0
BRH:0
end_of_record
TN:
SF:src\services\recommendation.service.js
FN:3,(anonymous_0)
FN:9,(anonymous_1)
FN:12,(anonymous_2)
FN:18,(anonymous_3)
FN:25,(anonymous_4)
FN:25,(anonymous_5)
FNF:6
FNH:6
FNDA:4,(anonymous_0)
FNDA:16,(anonymous_1)
FNDA:32,(anonymous_2)
FNDA:20,(anonymous_3)
FNDA:16,(anonymous_4)
FNDA:3,(anonymous_5)
DA:3,1
DA:7,4
DA:9,4
DA:10,16
DA:12,16
DA:13,32
DA:14,8
DA:18,16
DA:19,20
DA:20,5
DA:24,16
DA:25,16
DA:27,4
DA:31,4
DA:32,3
DA:35,1
LF:16
LH:16
BRDA:4,0,0,0
BRDA:7,1,0,0
BRDA:7,2,0,1
BRDA:13,3,0,8
BRDA:13,3,1,24
BRDA:19,4,0,5
BRDA:19,4,1,15
BRDA:31,5,0,3
BRDA:31,5,1,1
BRDA:32,6,0,3
BRDA:32,6,1,0
BRDA:35,7,0,1
BRDA:35,7,1,0
BRF:13
BRH:9
end_of_record
